c:\users\oooo\documents\wooster\cs200\project\baltireverb\build\vst3sdk\vstgui.build\vstgui\standalone\vstgui_standalone.dir\debug\win32async.obj
c:\users\oooo\documents\wooster\cs200\project\baltireverb\build\vst3sdk\vstgui.build\vstgui\standalone\vstgui_standalone.dir\debug\application.obj
c:\users\oooo\documents\wooster\cs200\project\baltireverb\build\vst3sdk\vstgui.build\vstgui\standalone\vstgui_standalone.dir\debug\win32commondirectories.obj
c:\users\oooo\documents\wooster\cs200\project\baltireverb\build\vst3sdk\vstgui.build\vstgui\standalone\vstgui_standalone.dir\debug\shareduiresources.obj
c:\users\oooo\documents\wooster\cs200\project\baltireverb\build\vst3sdk\vstgui.build\vstgui\standalone\vstgui_standalone.dir\debug\genericalertbox.obj
c:\users\oooo\documents\wooster\cs200\project\baltireverb\build\vst3sdk\vstgui.build\vstgui\standalone\vstgui_standalone.dir\debug\win32preference.obj
c:\users\oooo\documents\wooster\cs200\project\baltireverb\build\vst3sdk\vstgui.build\vstgui\standalone\vstgui_standalone.dir\debug\uidescriptionwindowcontroller.obj
c:\users\oooo\documents\wooster\cs200\project\baltireverb\build\vst3sdk\vstgui.build\vstgui\standalone\vstgui_standalone.dir\debug\win32application.obj
c:\users\oooo\documents\wooster\cs200\project\baltireverb\build\vst3sdk\vstgui.build\vstgui\standalone\vstgui_standalone.dir\debug\window.obj
c:\users\oooo\documents\wooster\cs200\project\baltireverb\build\vst3sdk\vstgui.build\vstgui\standalone\vstgui_standalone.dir\debug\win32window.obj
c:\users\oooo\documents\wooster\cs200\project\baltireverb\build\vst3sdk\vstgui.build\vstgui\standalone\vstgui_standalone.dir\debug\value.obj
c:\users\oooo\documents\wooster\cs200\project\baltireverb\build\vst3sdk\vstgui.build\vstgui\standalone\vstgui_standalone.dir\debug\win32menu.obj
c:\users\oooo\documents\wooster\cs200\project\baltireverb\build\lib\debug\vstgui_standalone.pdb
c:\users\oooo\documents\wooster\cs200\project\baltireverb\build\vst3sdk\vstgui.build\vstgui\standalone\cmakefiles\generate.stamp
c:\users\oooo\documents\wooster\cs200\project\baltireverb\build\lib\debug\vstgui_standalone.lib
c:\users\oooo\documents\wooster\cs200\project\baltireverb\build\vst3sdk\vstgui.build\vstgui\standalone\vstgui_standalone.dir\debug\vstgui_s.e61d50d9.tlog\cl.13400.write.1.tlog
c:\users\oooo\documents\wooster\cs200\project\baltireverb\build\vst3sdk\vstgui.build\vstgui\standalone\vstgui_standalone.dir\debug\vstgui_s.e61d50d9.tlog\cl.command.1.tlog
c:\users\oooo\documents\wooster\cs200\project\baltireverb\build\vst3sdk\vstgui.build\vstgui\standalone\vstgui_standalone.dir\debug\vstgui_s.e61d50d9.tlog\cl.items.tlog
c:\users\oooo\documents\wooster\cs200\project\baltireverb\build\vst3sdk\vstgui.build\vstgui\standalone\vstgui_standalone.dir\debug\vstgui_s.e61d50d9.tlog\cl.read.1.tlog
c:\users\oooo\documents\wooster\cs200\project\baltireverb\build\vst3sdk\vstgui.build\vstgui\standalone\vstgui_standalone.dir\debug\vstgui_s.e61d50d9.tlog\custombuild.command.1.tlog
c:\users\oooo\documents\wooster\cs200\project\baltireverb\build\vst3sdk\vstgui.build\vstgui\standalone\vstgui_standalone.dir\debug\vstgui_s.e61d50d9.tlog\custombuild.read.1.tlog
c:\users\oooo\documents\wooster\cs200\project\baltireverb\build\vst3sdk\vstgui.build\vstgui\standalone\vstgui_standalone.dir\debug\vstgui_s.e61d50d9.tlog\custombuild.write.1.tlog
c:\users\oooo\documents\wooster\cs200\project\baltireverb\build\vst3sdk\vstgui.build\vstgui\standalone\vstgui_standalone.dir\debug\vstgui_s.e61d50d9.tlog\lib-link.read.1.tlog
c:\users\oooo\documents\wooster\cs200\project\baltireverb\build\vst3sdk\vstgui.build\vstgui\standalone\vstgui_standalone.dir\debug\vstgui_s.e61d50d9.tlog\lib-link.write.1.tlog
c:\users\oooo\documents\wooster\cs200\project\baltireverb\build\vst3sdk\vstgui.build\vstgui\standalone\vstgui_standalone.dir\debug\vstgui_s.e61d50d9.tlog\lib.command.1.tlog
