c:\users\oooo\documents\wooster\cs200\project\baltireverb\build\vst3sdk\public.sdk\samples\vst-utilities\moduleinfotool\moduleinfotool.dir\debug\main.obj
c:\users\oooo\documents\wooster\cs200\project\baltireverb\build\vst3sdk\public.sdk\samples\vst-utilities\moduleinfotool\moduleinfotool.dir\debug\moduleinfoparser.obj
c:\users\oooo\documents\wooster\cs200\project\baltireverb\build\vst3sdk\public.sdk\samples\vst-utilities\moduleinfotool\moduleinfotool.dir\debug\module_win32.obj
c:\users\oooo\documents\wooster\cs200\project\baltireverb\build\vst3sdk\public.sdk\samples\vst-utilities\moduleinfotool\moduleinfotool.dir\debug\moduleinfocreator.obj
c:\users\oooo\documents\wooster\cs200\project\baltireverb\build\vst3sdk\public.sdk\samples\vst-utilities\moduleinfotool\moduleinfotool.dir\debug\vc143.pdb
c:\users\oooo\documents\wooster\cs200\project\baltireverb\build\vst3sdk\public.sdk\samples\vst-utilities\moduleinfotool\cmakefiles\generate.stamp
c:\users\oooo\documents\wooster\cs200\project\baltireverb\build\vst3sdk\public.sdk\samples\vst-utilities\moduleinfotool\moduleinfotool.dir\debug\moduleinfotool.ilk
c:\users\oooo\documents\wooster\cs200\project\baltireverb\build\bin\debug\moduleinfotool.exe
c:\users\oooo\documents\wooster\cs200\project\baltireverb\build\bin\debug\moduleinfotool.pdb
c:\users\oooo\documents\wooster\cs200\project\baltireverb\build\vst3sdk\public.sdk\samples\vst-utilities\moduleinfotool\moduleinfotool.dir\debug\vc143.idb
c:\users\oooo\documents\wooster\cs200\project\baltireverb\build\vst3sdk\public.sdk\samples\vst-utilities\moduleinfotool\moduleinfotool.dir\debug\moduleinfotool.tlog\cl.1552.write.1.tlog
c:\users\oooo\documents\wooster\cs200\project\baltireverb\build\vst3sdk\public.sdk\samples\vst-utilities\moduleinfotool\moduleinfotool.dir\debug\moduleinfotool.tlog\cl.command.1.tlog
c:\users\oooo\documents\wooster\cs200\project\baltireverb\build\vst3sdk\public.sdk\samples\vst-utilities\moduleinfotool\moduleinfotool.dir\debug\moduleinfotool.tlog\cl.items.tlog
c:\users\oooo\documents\wooster\cs200\project\baltireverb\build\vst3sdk\public.sdk\samples\vst-utilities\moduleinfotool\moduleinfotool.dir\debug\moduleinfotool.tlog\cl.read.1.tlog
c:\users\oooo\documents\wooster\cs200\project\baltireverb\build\vst3sdk\public.sdk\samples\vst-utilities\moduleinfotool\moduleinfotool.dir\debug\moduleinfotool.tlog\custombuild.command.1.tlog
c:\users\oooo\documents\wooster\cs200\project\baltireverb\build\vst3sdk\public.sdk\samples\vst-utilities\moduleinfotool\moduleinfotool.dir\debug\moduleinfotool.tlog\custombuild.read.1.tlog
c:\users\oooo\documents\wooster\cs200\project\baltireverb\build\vst3sdk\public.sdk\samples\vst-utilities\moduleinfotool\moduleinfotool.dir\debug\moduleinfotool.tlog\custombuild.write.1.tlog
c:\users\oooo\documents\wooster\cs200\project\baltireverb\build\vst3sdk\public.sdk\samples\vst-utilities\moduleinfotool\moduleinfotool.dir\debug\moduleinfotool.tlog\link.command.1.tlog
c:\users\oooo\documents\wooster\cs200\project\baltireverb\build\vst3sdk\public.sdk\samples\vst-utilities\moduleinfotool\moduleinfotool.dir\debug\moduleinfotool.tlog\link.read.1.tlog
c:\users\oooo\documents\wooster\cs200\project\baltireverb\build\vst3sdk\public.sdk\samples\vst-utilities\moduleinfotool\moduleinfotool.dir\debug\moduleinfotool.tlog\link.write.1.tlog
