c:\users\oooo\documents\wooster\cs200\project\baltireverb\build\baltireverb.dir\debug\myplugincontroller.obj
c:\users\oooo\documents\wooster\cs200\project\baltireverb\build\baltireverb.dir\debug\mypluginprocessor.obj
c:\users\oooo\documents\wooster\cs200\project\baltireverb\build\baltireverb.dir\debug\dllmain.obj
c:\users\oooo\documents\wooster\cs200\project\baltireverb\build\baltireverb.dir\debug\mypluginentry.obj
c:\users\oooo\documents\wooster\cs200\project\baltireverb\build\baltireverb.dir\debug\vc143.pdb
c:\users\oooo\documents\wooster\cs200\project\baltireverb\build\baltireverb.dir\debug\vc143.idb
c:\users\oooo\documents\wooster\cs200\project\baltireverb\build\vst3\debug\baltireverb.vst3\contents\resources\myplugineditor.uidesc
c:\users\oooo\documents\wooster\cs200\project\baltireverb\build\vst3\debug\baltireverb.vst3\contents\resources\snapshots\f31f083c088b5952a2fdf85bd525b3b5_snapshot.png
c:\users\oooo\documents\wooster\cs200\project\baltireverb\build\vst3\debug\baltireverb.vst3\contents\resources\snapshots\f31f083c088b5952a2fdf85bd525b3b5_snapshot_2.0x.png
c:\users\oooo\documents\wooster\cs200\project\baltireverb\build\cmakefiles\generate.stamp
c:\users\oooo\documents\wooster\cs200\project\baltireverb\build\lib\debug\baltireverb.lib
c:\users\oooo\documents\wooster\cs200\project\baltireverb\build\lib\debug\baltireverb.exp
c:\users\oooo\documents\wooster\cs200\project\baltireverb\build\vst3\debug\baltireverb.vst3\contents\x86_64-win\baltireverb.vst3
c:\users\oooo\documents\wooster\cs200\project\baltireverb\build\baltireverb.dir\debug\baltireverb.ilk
c:\users\oooo\documents\wooster\cs200\project\baltireverb\build\win_pdb64\debug\baltireverb.pdb
c:\users\oooo\documents\wooster\cs200\project\baltireverb\build\baltireverb.dir\debug\win32resource.res
c:\users\oooo\documents\wooster\cs200\project\baltireverb\build\baltireverb.dir\debug\baltireverb.tlog\cl.command.1.tlog
c:\users\oooo\documents\wooster\cs200\project\baltireverb\build\baltireverb.dir\debug\baltireverb.tlog\cl.items.tlog
c:\users\oooo\documents\wooster\cs200\project\baltireverb\build\baltireverb.dir\debug\baltireverb.tlog\cl.read.1.tlog
c:\users\oooo\documents\wooster\cs200\project\baltireverb\build\baltireverb.dir\debug\baltireverb.tlog\cl.write.1.tlog
c:\users\oooo\documents\wooster\cs200\project\baltireverb\build\baltireverb.dir\debug\baltireverb.tlog\custombuild.command.1.tlog
c:\users\oooo\documents\wooster\cs200\project\baltireverb\build\baltireverb.dir\debug\baltireverb.tlog\custombuild.read.1.tlog
c:\users\oooo\documents\wooster\cs200\project\baltireverb\build\baltireverb.dir\debug\baltireverb.tlog\custombuild.write.1.tlog
c:\users\oooo\documents\wooster\cs200\project\baltireverb\build\baltireverb.dir\debug\baltireverb.tlog\link.command.1.tlog
c:\users\oooo\documents\wooster\cs200\project\baltireverb\build\baltireverb.dir\debug\baltireverb.tlog\link.read.1.tlog
c:\users\oooo\documents\wooster\cs200\project\baltireverb\build\baltireverb.dir\debug\baltireverb.tlog\link.write.1.tlog
c:\users\oooo\documents\wooster\cs200\project\baltireverb\build\baltireverb.dir\debug\baltireverb.tlog\link.write.2u.tlog
c:\users\oooo\documents\wooster\cs200\project\baltireverb\build\baltireverb.dir\debug\baltireverb.tlog\rc.command.1.tlog
c:\users\oooo\documents\wooster\cs200\project\baltireverb\build\baltireverb.dir\debug\baltireverb.tlog\rc.read.1.tlog
c:\users\oooo\documents\wooster\cs200\project\baltireverb\build\baltireverb.dir\debug\baltireverb.tlog\rc.write.1.tlog
