c:\users\oooo\documents\wooster\cs200\project\baltireverb\build\vst3sdk\base\base.dir\debug\timer.obj
c:\users\oooo\documents\wooster\cs200\project\baltireverb\build\vst3sdk\base\base.dir\debug\fdynlib.obj
c:\users\oooo\documents\wooster\cs200\project\baltireverb\build\vst3sdk\base\base.dir\debug\fobject.obj
c:\users\oooo\documents\wooster\cs200\project\baltireverb\build\vst3sdk\base\base.dir\debug\fstring.obj
c:\users\oooo\documents\wooster\cs200\project\baltireverb\build\vst3sdk\base\base.dir\debug\fdebug.obj
c:\users\oooo\documents\wooster\cs200\project\baltireverb\build\vst3sdk\base\base.dir\debug\baseiids.obj
c:\users\oooo\documents\wooster\cs200\project\baltireverb\build\vst3sdk\base\base.dir\debug\updatehandler.obj
c:\users\oooo\documents\wooster\cs200\project\baltireverb\build\vst3sdk\base\base.dir\debug\fbuffer.obj
c:\users\oooo\documents\wooster\cs200\project\baltireverb\build\vst3sdk\base\base.dir\debug\fcondition.obj
c:\users\oooo\documents\wooster\cs200\project\baltireverb\build\vst3sdk\base\base.dir\debug\fstreamer.obj
c:\users\oooo\documents\wooster\cs200\project\baltireverb\build\vst3sdk\base\base.dir\debug\flock.obj
c:\users\oooo\documents\wooster\cs200\project\baltireverb\build\lib\debug\base.pdb
c:\users\oooo\documents\wooster\cs200\project\baltireverb\build\vst3sdk\base\cmakefiles\generate.stamp
c:\users\oooo\documents\wooster\cs200\project\baltireverb\build\lib\debug\base.lib
c:\users\oooo\documents\wooster\cs200\project\baltireverb\build\vst3sdk\base\base.dir\debug\base.tlog\cl.10704.write.1.tlog
c:\users\oooo\documents\wooster\cs200\project\baltireverb\build\vst3sdk\base\base.dir\debug\base.tlog\cl.command.1.tlog
c:\users\oooo\documents\wooster\cs200\project\baltireverb\build\vst3sdk\base\base.dir\debug\base.tlog\cl.items.tlog
c:\users\oooo\documents\wooster\cs200\project\baltireverb\build\vst3sdk\base\base.dir\debug\base.tlog\cl.read.1.tlog
c:\users\oooo\documents\wooster\cs200\project\baltireverb\build\vst3sdk\base\base.dir\debug\base.tlog\custombuild.command.1.tlog
c:\users\oooo\documents\wooster\cs200\project\baltireverb\build\vst3sdk\base\base.dir\debug\base.tlog\custombuild.read.1.tlog
c:\users\oooo\documents\wooster\cs200\project\baltireverb\build\vst3sdk\base\base.dir\debug\base.tlog\custombuild.write.1.tlog
c:\users\oooo\documents\wooster\cs200\project\baltireverb\build\vst3sdk\base\base.dir\debug\base.tlog\lib-link.read.1.tlog
c:\users\oooo\documents\wooster\cs200\project\baltireverb\build\vst3sdk\base\base.dir\debug\base.tlog\lib-link.write.1.tlog
c:\users\oooo\documents\wooster\cs200\project\baltireverb\build\vst3sdk\base\base.dir\debug\base.tlog\lib.command.1.tlog
